<?xml version="1.0" encoding="UTF-8"?>
<!-- Generated by org.testng.reporters.JUnitXMLReporter -->
<testsuite hostname="VERITY-98" ignored="0" name="Command line test" tests="23" failures="1" timestamp="11 feb 2021 12:48:49 GMT" time="1839.51" errors="0">
  <testcase name="@BeforeMethod setUp" time="153.513" classname="test.Tests_FacturaInafectaGratuita">
    <failure type="org.openqa.selenium.WebDriverException" message="disconnected: Unable to receive message from renderer
  (Session info: chrome=88.0.4324.150)
Build info: version: &amp;apos;3.11.0&amp;apos;, revision: &amp;apos;e59cfb3&amp;apos;, time: &amp;apos;2018-03-11T20:26:55.152Z&amp;apos;
System info: host: &amp;apos;VERITY-98&amp;apos;, ip: &amp;apos;192.168.0.13&amp;apos;, os.name: &amp;apos;Windows 10&amp;apos;, os.arch: &amp;apos;amd64&amp;apos;, os.version: &amp;apos;10.0&amp;apos;, java.version: &amp;apos;1.8.0_281&amp;apos;
Driver info: org.openqa.selenium.chrome.ChromeDriver
Capabilities {acceptInsecureCerts: false, browserName: chrome, browserVersion: 88.0.4324.150, chrome: {chromedriverVersion: 88.0.4324.96 (68dba2d8a0b14..., userDataDir: C:\Users\estef\AppData\Loca...}, goog:chromeOptions: {debuggerAddress: localhost:53898}, javascriptEnabled: true, networkConnectionEnabled: false, pageLoadStrategy: normal, platform: WINDOWS, platformName: WINDOWS, proxy: Proxy(), setWindowRect: true, strictFileInteractability: false, timeouts: {implicit: 0, pageLoad: 300000, script: 30000}, unhandledPromptBehavior: dismiss and notify, webauthn:extension:largeBlob: true, webauthn:virtualAuthenticators: true}
Session ID: f659d22237ac21e25404fdc9faddddc6">
      <![CDATA[org.openqa.selenium.WebDriverException: disconnected: Unable to receive message from renderer
  (Session info: chrome=88.0.4324.150)
Build info: version: '3.11.0', revision: 'e59cfb3', time: '2018-03-11T20:26:55.152Z'
System info: host: 'VERITY-98', ip: '192.168.0.13', os.name: 'Windows 10', os.arch: 'amd64', os.version: '10.0', java.version: '1.8.0_281'
Driver info: org.openqa.selenium.chrome.ChromeDriver
Capabilities {acceptInsecureCerts: false, browserName: chrome, browserVersion: 88.0.4324.150, chrome: {chromedriverVersion: 88.0.4324.96 (68dba2d8a0b14..., userDataDir: C:\Users\estef\AppData\Loca...}, goog:chromeOptions: {debuggerAddress: localhost:53898}, javascriptEnabled: true, networkConnectionEnabled: false, pageLoadStrategy: normal, platform: WINDOWS, platformName: WINDOWS, proxy: Proxy(), setWindowRect: true, strictFileInteractability: false, timeouts: {implicit: 0, pageLoad: 300000, script: 30000}, unhandledPromptBehavior: dismiss and notify, webauthn:extension:largeBlob: true, webauthn:virtualAuthenticators: true}
Session ID: f659d22237ac21e25404fdc9faddddc6
at org.openqa.selenium.remote.http.W3CHttpResponseCodec.createException(W3CHttpResponseCodec.java:187)
at org.openqa.selenium.remote.http.W3CHttpResponseCodec.decode(W3CHttpResponseCodec.java:122)
at org.openqa.selenium.remote.http.W3CHttpResponseCodec.decode(W3CHttpResponseCodec.java:49)
at org.openqa.selenium.remote.HttpCommandExecutor.execute(HttpCommandExecutor.java:158)
at org.openqa.selenium.remote.service.DriverCommandExecutor.execute(DriverCommandExecutor.java:83)
at org.openqa.selenium.remote.RemoteWebDriver.execute(RemoteWebDriver.java:545)
at org.openqa.selenium.remote.RemoteWebElement.execute(RemoteWebElement.java:279)
at org.openqa.selenium.remote.RemoteWebElement.click(RemoteWebElement.java:83)
at pages.PageLogin.login(PageLogin.java:18)
at test.Tests_FacturaInafectaGratuita.setUp(Tests_FacturaInafectaGratuita.java:30)
... Removed 42 stack frames]]>
    </failure>
  </testcase> <!-- @BeforeMethod setUp -->
  <testcase name="@AfterMethod FinEjecucion" time="0.0" classname="test.Tests_FacturaInafectaGratuita">
    <skipped/>
  </testcase> <!-- @AfterMethod FinEjecucion -->
  <testcase name="PruebaTreinta" time="40.413" classname="test.Tests_FacturaAfectaGratuita"/>
  <testcase name="PruebaTreintayDos" time="39.527" classname="test.Tests_FacturaAfectaGratuita"/>
  <testcase name="PruebaTreintayUno" time="46.732" classname="test.Tests_FacturaAfectaGratuita"/>
  <testcase name="PruebaVeintiNueve" time="43.535" classname="test.Tests_FacturaAfectaGratuita"/>
  <testcase name="PruebaVeintiOcho" time="42.617" classname="test.Tests_FacturaAfectaGratuita"/>
  <testcase name="PruebaVeintiSeis" time="40.191" classname="test.Tests_FacturaAfectaGratuita"/>
  <testcase name="PruebaVeintiSiete" time="39.611" classname="test.Tests_FacturaAfectaGratuita"/>
  <testcase name="PruebaCinco" time="32.08" classname="test.Tests_FacturaExportacionGratuita"/>
  <testcase name="PruebaCuatro" time="32.278" classname="test.Tests_FacturaExportacionGratuita"/>
  <testcase name="PruebaDos" time="32.386" classname="test.Tests_FacturaExportacionGratuita"/>
  <testcase name="PruebaNueve" time="32.336" classname="test.Tests_FacturaExportacionGratuita"/>
  <testcase name="PruebaOcho" time="10.04" classname="test.Tests_FacturaExportacionGratuita">
    <failure type="org.openqa.selenium.NoSuchElementException" message="no such element: Unable to locate element: {&amp;quot;method&amp;quot;:&amp;quot;xpath&amp;quot;,&amp;quot;selector&amp;quot;:&amp;quot;//*[@id=&amp;quot;panel-lis-ul&amp;quot;]/li[7]/a/span[1]&amp;quot;}
  (Session info: chrome=88.0.4324.150)
For documentation on this error, please visit: http://seleniumhq.org/exceptions/no_such_element.html
Build info: version: &amp;apos;3.11.0&amp;apos;, revision: &amp;apos;e59cfb3&amp;apos;, time: &amp;apos;2018-03-11T20:26:55.152Z&amp;apos;
System info: host: &amp;apos;VERITY-98&amp;apos;, ip: &amp;apos;192.168.0.13&amp;apos;, os.name: &amp;apos;Windows 10&amp;apos;, os.arch: &amp;apos;amd64&amp;apos;, os.version: &amp;apos;10.0&amp;apos;, java.version: &amp;apos;1.8.0_281&amp;apos;
Driver info: org.openqa.selenium.chrome.ChromeDriver
Capabilities {acceptInsecureCerts: false, browserName: chrome, browserVersion: 88.0.4324.150, chrome: {chromedriverVersion: 88.0.4324.96 (68dba2d8a0b14..., userDataDir: C:\Users\estef\AppData\Loca...}, goog:chromeOptions: {debuggerAddress: localhost:53622}, javascriptEnabled: true, networkConnectionEnabled: false, pageLoadStrategy: normal, platform: WINDOWS, platformName: WINDOWS, proxy: Proxy(), setWindowRect: true, strictFileInteractability: false, timeouts: {implicit: 0, pageLoad: 300000, script: 30000}, unhandledPromptBehavior: dismiss and notify, webauthn:extension:largeBlob: true, webauthn:virtualAuthenticators: true}
Session ID: 0142706ad52aaea3ca5a83a005507132
*** Element info: {Using=xpath, value=//*[@id=&amp;quot;panel-lis-ul&amp;quot;]/li[7]/a/span[1]}">
      <![CDATA[org.openqa.selenium.NoSuchElementException: no such element: Unable to locate element: {"method":"xpath","selector":"//*[@id="panel-lis-ul"]/li[7]/a/span[1]"}
  (Session info: chrome=88.0.4324.150)
For documentation on this error, please visit: http://seleniumhq.org/exceptions/no_such_element.html
Build info: version: '3.11.0', revision: 'e59cfb3', time: '2018-03-11T20:26:55.152Z'
System info: host: 'VERITY-98', ip: '192.168.0.13', os.name: 'Windows 10', os.arch: 'amd64', os.version: '10.0', java.version: '1.8.0_281'
Driver info: org.openqa.selenium.chrome.ChromeDriver
Capabilities {acceptInsecureCerts: false, browserName: chrome, browserVersion: 88.0.4324.150, chrome: {chromedriverVersion: 88.0.4324.96 (68dba2d8a0b14..., userDataDir: C:\Users\estef\AppData\Loca...}, goog:chromeOptions: {debuggerAddress: localhost:53622}, javascriptEnabled: true, networkConnectionEnabled: false, pageLoadStrategy: normal, platform: WINDOWS, platformName: WINDOWS, proxy: Proxy(), setWindowRect: true, strictFileInteractability: false, timeouts: {implicit: 0, pageLoad: 300000, script: 30000}, unhandledPromptBehavior: dismiss and notify, webauthn:extension:largeBlob: true, webauthn:virtualAuthenticators: true}
Session ID: 0142706ad52aaea3ca5a83a005507132
*** Element info: {Using=xpath, value=//*[@id="panel-lis-ul"]/li[7]/a/span[1]}
at org.openqa.selenium.remote.http.W3CHttpResponseCodec.createException(W3CHttpResponseCodec.java:187)
at org.openqa.selenium.remote.http.W3CHttpResponseCodec.decode(W3CHttpResponseCodec.java:122)
at org.openqa.selenium.remote.http.W3CHttpResponseCodec.decode(W3CHttpResponseCodec.java:49)
at org.openqa.selenium.remote.HttpCommandExecutor.execute(HttpCommandExecutor.java:158)
at org.openqa.selenium.remote.service.DriverCommandExecutor.execute(DriverCommandExecutor.java:83)
at org.openqa.selenium.remote.RemoteWebDriver.execute(RemoteWebDriver.java:545)
at org.openqa.selenium.remote.RemoteWebDriver.findElement(RemoteWebDriver.java:319)
at org.openqa.selenium.remote.RemoteWebDriver.findElementByXPath(RemoteWebDriver.java:421)
at org.openqa.selenium.By$ByXPath.findElement(By.java:361)
at org.openqa.selenium.remote.RemoteWebDriver.findElement(RemoteWebDriver.java:311)
at pages.PageSeleccionCpe.clickEmisionExpress(PageSeleccionCpe.java:16)
at test.Tests_FacturaExportacionGratuita.PruebaOcho(Tests_FacturaExportacionGratuita.java:231)
... Removed 39 stack frames]]>
    </failure>
  </testcase> <!-- PruebaOcho -->
  <testcase name="PruebaSeis" time="126.25" classname="test.Tests_FacturaExportacionGratuita"/>
  <testcase name="PruebaSiete" time="34.545" classname="test.Tests_FacturaExportacionGratuita"/>
  <testcase name="PruebaTres" time="129.896" classname="test.Tests_FacturaExportacionGratuita"/>
  <testcase name="PruebaUno" time="32.854" classname="test.Tests_FacturaExportacionGratuita"/>
  <testcase name="PruebaTreintayCinco" time="41.438" classname="test.Tests_FacturaInafectaGratuita"/>
  <testcase name="PruebaTreintayCuatro" time="39.605" classname="test.Tests_FacturaInafectaGratuita"/>
  <testcase name="PruebaTreintayNueve" time="39.257" classname="test.Tests_FacturaInafectaGratuita"/>
  <testcase name="PruebaTreintayOcho" time="39.84" classname="test.Tests_FacturaInafectaGratuita"/>
  <testcase name="PruebaTreintaySeis" time="39.527" classname="test.Tests_FacturaInafectaGratuita"/>
  <testcase name="PruebaTreintaySiete" time="40.952" classname="test.Tests_FacturaInafectaGratuita"/>
  <testcase name="PruebaTreintayTres" time="0.0" classname="test.Tests_FacturaInafectaGratuita">
    <skipped/>
  </testcase> <!-- PruebaTreintayTres -->
</testsuite> <!-- Command line test -->
