<!DOCTYPE html PUBLIC "-//W3C//DTD XHTML 1.1//EN" "http://www.w3.org/TR/xhtml11/DTD/xhtml11.dtd">
<html xmlns="http://www.w3.org/1999/xhtml">
<head>
<meta http-equiv="content-type" content="text/html; charset=UTF-8"/>
<title>TestNG Report</title>
<style type="text/css">table {margin-bottom:10px;border-collapse:collapse;empty-cells:show}th,td {border:1px solid #009;padding:.25em .5em}th {vertical-align:bottom}td {vertical-align:top}table a {font-weight:bold}.stripe td {background-color: #E6EBF9}.num {text-align:right}.passedodd td {background-color: #3F3}.passedeven td {background-color: #0A0}.skippedodd td {background-color: #DDD}.skippedeven td {background-color: #CCC}.failedodd td,.attn {background-color: #F33}.failedeven td,.stripe .attn {background-color: #D00}.stacktrace {white-space:pre;font-family:monospace}.totop {font-size:85%;text-align:center;border-bottom:2px solid #000}.invisible {display:none}</style>
</head>
<body>
<table>
<tr><th>Test</th><th># Passed</th><th># Skipped</th><th># Failed</th><th>Time (ms)</th><th>Included Groups</th><th>Excluded Groups</th></tr>
<tr><th colspan="7">Command line suite</th></tr>
<tr><td><a href="#t0">Command line test</a></td><td class="num">21</td><td class="num attn">1</td><td class="num attn">1</td><td class="num">1.839.510</td><td></td><td></td></tr>
</table>
<table id='summary'><thead><tr><th>Class</th><th>Method</th><th>Start</th><th>Time (ms)</th></tr></thead><tbody><tr><th colspan="4">Command line suite</th></tr></tbody><tbody id="t0"><tr><th colspan="4">Command line test &#8212; failed (configuration methods)</th></tr><tr class="failedeven"><td rowspan="1">test.Tests_FacturaInafectaGratuita</td><td><a href="#m0">setUp</a></td><td rowspan="1">1613047572644</td><td rowspan="1">153513</td></tr><tr><th colspan="4">Command line test &#8212; failed</th></tr><tr class="failedeven"><td rowspan="1">test.Tests_FacturaExportacionGratuita</td><td><a href="#m1">PruebaOcho</a></td><td rowspan="1">1613046605151</td><td rowspan="1">10040</td></tr><tr><th colspan="4">Command line test &#8212; skipped (configuration methods)</th></tr><tr class="skippedeven"><td rowspan="1">test.Tests_FacturaInafectaGratuita</td><td><a href="#m2">FinEjecucion</a></td><td rowspan="1">1613047726158</td><td rowspan="1">0</td></tr><tr><th colspan="4">Command line test &#8212; skipped</th></tr><tr class="skippedeven"><td rowspan="1">test.Tests_FacturaInafectaGratuita</td><td><a href="#m3">PruebaTreintayTres</a></td><td rowspan="1">1613047726158</td><td rowspan="1">0</td></tr><tr><th colspan="4">Command line test &#8212; passed</th></tr><tr class="passedeven"><td rowspan="7">test.Tests_FacturaAfectaGratuita</td><td><a href="#m4">PruebaTreinta</a></td><td rowspan="1">1613045904912</td><td rowspan="1">40413</td></tr><tr class="passedeven"><td><a href="#m5">PruebaTreintayDos</a></td><td rowspan="1">1613045958904</td><td rowspan="1">39527</td></tr><tr class="passedeven"><td><a href="#m6">PruebaTreintayUno</a></td><td rowspan="1">1613046067283</td><td rowspan="1">46732</td></tr><tr class="passedeven"><td><a href="#m7">PruebaVeintiNueve</a></td><td rowspan="1">1613046144267</td><td rowspan="1">43535</td></tr><tr class="passedeven"><td><a href="#m8">PruebaVeintiOcho</a></td><td rowspan="1">1613046232246</td><td rowspan="1">42617</td></tr><tr class="passedeven"><td><a href="#m9">PruebaVeintiSeis</a></td><td rowspan="1">1613046294876</td><td rowspan="1">40191</td></tr><tr class="passedeven"><td><a href="#m10">PruebaVeintiSiete</a></td><td rowspan="1">1613046348588</td><td rowspan="1">39611</td></tr><tr class="passedodd"><td rowspan="8">test.Tests_FacturaExportacionGratuita</td><td><a href="#m11">PruebaCinco</a></td><td rowspan="1">1613046413279</td><td rowspan="1">32080</td></tr><tr class="passedodd"><td><a href="#m12">PruebaCuatro</a></td><td rowspan="1">1613046465059</td><td rowspan="1">32278</td></tr><tr class="passedodd"><td><a href="#m13">PruebaDos</a></td><td rowspan="1">1613046510249</td><td rowspan="1">32386</td></tr><tr class="passedodd"><td><a href="#m14">PruebaNueve</a></td><td rowspan="1">1613046556752</td><td rowspan="1">32336</td></tr><tr class="passedodd"><td><a href="#m15">PruebaSeis</a></td><td rowspan="1">1613046638597</td><td rowspan="1">126250</td></tr><tr class="passedodd"><td><a href="#m16">PruebaSiete</a></td><td rowspan="1">1613046787544</td><td rowspan="1">34545</td></tr><tr class="passedodd"><td><a href="#m17">PruebaTres</a></td><td rowspan="1">1613046890127</td><td rowspan="1">129896</td></tr><tr class="passedodd"><td><a href="#m18">PruebaUno</a></td><td rowspan="1">1613047070155</td><td rowspan="1">32854</td></tr><tr class="passedeven"><td rowspan="6">test.Tests_FacturaInafectaGratuita</td><td><a href="#m19">PruebaTreintayCinco</a></td><td rowspan="1">1613047122627</td><td rowspan="1">41438</td></tr><tr class="passedeven"><td><a href="#m20">PruebaTreintayCuatro</a></td><td rowspan="1">1613047179748</td><td rowspan="1">39605</td></tr><tr class="passedeven"><td><a href="#m21">PruebaTreintayNueve</a></td><td rowspan="1">1613047236457</td><td rowspan="1">39257</td></tr><tr class="passedeven"><td><a href="#m22">PruebaTreintayOcho</a></td><td rowspan="1">1613047304459</td><td rowspan="1">39840</td></tr><tr class="passedeven"><td><a href="#m23">PruebaTreintaySeis</a></td><td rowspan="1">1613047457133</td><td rowspan="1">39527</td></tr><tr class="passedeven"><td><a href="#m24">PruebaTreintaySiete</a></td><td rowspan="1">1613047518316</td><td rowspan="1">40952</td></tr></tbody>
</table>
<h2>Command line test</h2><h3 id="m0">test.Tests_FacturaInafectaGratuita#setUp</h3><table class="result"><tr><th>Exception</th></tr><tr><td><div class="stacktrace">org.openqa.selenium.WebDriverException: disconnected: Unable to receive message from renderer
  (Session info: chrome=88.0.4324.150)
Build info: version: &apos;3.11.0&apos;, revision: &apos;e59cfb3&apos;, time: &apos;2018-03-11T20:26:55.152Z&apos;
System info: host: &apos;VERITY-98&apos;, ip: &apos;192.168.0.13&apos;, os.name: &apos;Windows 10&apos;, os.arch: &apos;amd64&apos;, os.version: &apos;10.0&apos;, java.version: &apos;1.8.0_281&apos;
Driver info: org.openqa.selenium.chrome.ChromeDriver
Capabilities {acceptInsecureCerts: false, browserName: chrome, browserVersion: 88.0.4324.150, chrome: {chromedriverVersion: 88.0.4324.96 (68dba2d8a0b14..., userDataDir: C:\Users\estef\AppData\Loca...}, goog:chromeOptions: {debuggerAddress: localhost:53898}, javascriptEnabled: true, networkConnectionEnabled: false, pageLoadStrategy: normal, platform: WINDOWS, platformName: WINDOWS, proxy: Proxy(), setWindowRect: true, strictFileInteractability: false, timeouts: {implicit: 0, pageLoad: 300000, script: 30000}, unhandledPromptBehavior: dismiss and notify, webauthn:extension:largeBlob: true, webauthn:virtualAuthenticators: true}
Session ID: f659d22237ac21e25404fdc9faddddc6
	at org.openqa.selenium.remote.http.W3CHttpResponseCodec.createException(W3CHttpResponseCodec.java:187)
	at org.openqa.selenium.remote.http.W3CHttpResponseCodec.decode(W3CHttpResponseCodec.java:122)
	at org.openqa.selenium.remote.http.W3CHttpResponseCodec.decode(W3CHttpResponseCodec.java:49)
	at org.openqa.selenium.remote.HttpCommandExecutor.execute(HttpCommandExecutor.java:158)
	at org.openqa.selenium.remote.service.DriverCommandExecutor.execute(DriverCommandExecutor.java:83)
	at org.openqa.selenium.remote.RemoteWebDriver.execute(RemoteWebDriver.java:545)
	at org.openqa.selenium.remote.RemoteWebElement.execute(RemoteWebElement.java:279)
	at org.openqa.selenium.remote.RemoteWebElement.click(RemoteWebElement.java:83)
	at pages.PageLogin.login(PageLogin.java:18)
	at test.Tests_FacturaInafectaGratuita.setUp(Tests_FacturaInafectaGratuita.java:30)
... Removed 42 stack frames</div></td></tr></table><p class="totop"><a href="#summary">back to summary</a></p>
<h3 id="m1">test.Tests_FacturaExportacionGratuita#PruebaOcho</h3><table class="result"><tr><th>Exception</th></tr><tr><td><div class="stacktrace">org.openqa.selenium.NoSuchElementException: no such element: Unable to locate element: {&quot;method&quot;:&quot;xpath&quot;,&quot;selector&quot;:&quot;//*[@id=&quot;panel-lis-ul&quot;]/li[7]/a/span[1]&quot;}
  (Session info: chrome=88.0.4324.150)
For documentation on this error, please visit: http://seleniumhq.org/exceptions/no_such_element.html
Build info: version: &apos;3.11.0&apos;, revision: &apos;e59cfb3&apos;, time: &apos;2018-03-11T20:26:55.152Z&apos;
System info: host: &apos;VERITY-98&apos;, ip: &apos;192.168.0.13&apos;, os.name: &apos;Windows 10&apos;, os.arch: &apos;amd64&apos;, os.version: &apos;10.0&apos;, java.version: &apos;1.8.0_281&apos;
Driver info: org.openqa.selenium.chrome.ChromeDriver
Capabilities {acceptInsecureCerts: false, browserName: chrome, browserVersion: 88.0.4324.150, chrome: {chromedriverVersion: 88.0.4324.96 (68dba2d8a0b14..., userDataDir: C:\Users\estef\AppData\Loca...}, goog:chromeOptions: {debuggerAddress: localhost:53622}, javascriptEnabled: true, networkConnectionEnabled: false, pageLoadStrategy: normal, platform: WINDOWS, platformName: WINDOWS, proxy: Proxy(), setWindowRect: true, strictFileInteractability: false, timeouts: {implicit: 0, pageLoad: 300000, script: 30000}, unhandledPromptBehavior: dismiss and notify, webauthn:extension:largeBlob: true, webauthn:virtualAuthenticators: true}
Session ID: 0142706ad52aaea3ca5a83a005507132
*** Element info: {Using=xpath, value=//*[@id=&quot;panel-lis-ul&quot;]/li[7]/a/span[1]}
	at org.openqa.selenium.remote.http.W3CHttpResponseCodec.createException(W3CHttpResponseCodec.java:187)
	at org.openqa.selenium.remote.http.W3CHttpResponseCodec.decode(W3CHttpResponseCodec.java:122)
	at org.openqa.selenium.remote.http.W3CHttpResponseCodec.decode(W3CHttpResponseCodec.java:49)
	at org.openqa.selenium.remote.HttpCommandExecutor.execute(HttpCommandExecutor.java:158)
	at org.openqa.selenium.remote.service.DriverCommandExecutor.execute(DriverCommandExecutor.java:83)
	at org.openqa.selenium.remote.RemoteWebDriver.execute(RemoteWebDriver.java:545)
	at org.openqa.selenium.remote.RemoteWebDriver.findElement(RemoteWebDriver.java:319)
	at org.openqa.selenium.remote.RemoteWebDriver.findElementByXPath(RemoteWebDriver.java:421)
	at org.openqa.selenium.By$ByXPath.findElement(By.java:361)
	at org.openqa.selenium.remote.RemoteWebDriver.findElement(RemoteWebDriver.java:311)
	at pages.PageSeleccionCpe.clickEmisionExpress(PageSeleccionCpe.java:16)
	at test.Tests_FacturaExportacionGratuita.PruebaOcho(Tests_FacturaExportacionGratuita.java:231)
... Removed 39 stack frames</div></td></tr></table><p class="totop"><a href="#summary">back to summary</a></p>
<h3 id="m2">test.Tests_FacturaInafectaGratuita#FinEjecucion</h3><table class="result"><tr><th class="invisible"/></tr></table><p class="totop"><a href="#summary">back to summary</a></p>
<h3 id="m3">test.Tests_FacturaInafectaGratuita#PruebaTreintayTres</h3><table class="result"><tr><th>Exception</th></tr><tr><td><div class="stacktrace">org.openqa.selenium.WebDriverException: disconnected: Unable to receive message from renderer
  (Session info: chrome=88.0.4324.150)
Build info: version: &apos;3.11.0&apos;, revision: &apos;e59cfb3&apos;, time: &apos;2018-03-11T20:26:55.152Z&apos;
System info: host: &apos;VERITY-98&apos;, ip: &apos;192.168.0.13&apos;, os.name: &apos;Windows 10&apos;, os.arch: &apos;amd64&apos;, os.version: &apos;10.0&apos;, java.version: &apos;1.8.0_281&apos;
Driver info: org.openqa.selenium.chrome.ChromeDriver
Capabilities {acceptInsecureCerts: false, browserName: chrome, browserVersion: 88.0.4324.150, chrome: {chromedriverVersion: 88.0.4324.96 (68dba2d8a0b14..., userDataDir: C:\Users\estef\AppData\Loca...}, goog:chromeOptions: {debuggerAddress: localhost:53898}, javascriptEnabled: true, networkConnectionEnabled: false, pageLoadStrategy: normal, platform: WINDOWS, platformName: WINDOWS, proxy: Proxy(), setWindowRect: true, strictFileInteractability: false, timeouts: {implicit: 0, pageLoad: 300000, script: 30000}, unhandledPromptBehavior: dismiss and notify, webauthn:extension:largeBlob: true, webauthn:virtualAuthenticators: true}
Session ID: f659d22237ac21e25404fdc9faddddc6
	at org.openqa.selenium.remote.http.W3CHttpResponseCodec.createException(W3CHttpResponseCodec.java:187)
	at org.openqa.selenium.remote.http.W3CHttpResponseCodec.decode(W3CHttpResponseCodec.java:122)
	at org.openqa.selenium.remote.http.W3CHttpResponseCodec.decode(W3CHttpResponseCodec.java:49)
	at org.openqa.selenium.remote.HttpCommandExecutor.execute(HttpCommandExecutor.java:158)
	at org.openqa.selenium.remote.service.DriverCommandExecutor.execute(DriverCommandExecutor.java:83)
	at org.openqa.selenium.remote.RemoteWebDriver.execute(RemoteWebDriver.java:545)
	at org.openqa.selenium.remote.RemoteWebElement.execute(RemoteWebElement.java:279)
	at org.openqa.selenium.remote.RemoteWebElement.click(RemoteWebElement.java:83)
	at pages.PageLogin.login(PageLogin.java:18)
	at test.Tests_FacturaInafectaGratuita.setUp(Tests_FacturaInafectaGratuita.java:30)
... Removed 42 stack frames</div></td></tr></table><p class="totop"><a href="#summary">back to summary</a></p>
<h3 id="m4">test.Tests_FacturaAfectaGratuita#PruebaTreinta</h3><table class="result"><tr><th class="invisible"/></tr></table><p class="totop"><a href="#summary">back to summary</a></p>
<h3 id="m5">test.Tests_FacturaAfectaGratuita#PruebaTreintayDos</h3><table class="result"><tr><th class="invisible"/></tr></table><p class="totop"><a href="#summary">back to summary</a></p>
<h3 id="m6">test.Tests_FacturaAfectaGratuita#PruebaTreintayUno</h3><table class="result"><tr><th class="invisible"/></tr></table><p class="totop"><a href="#summary">back to summary</a></p>
<h3 id="m7">test.Tests_FacturaAfectaGratuita#PruebaVeintiNueve</h3><table class="result"><tr><th class="invisible"/></tr></table><p class="totop"><a href="#summary">back to summary</a></p>
<h3 id="m8">test.Tests_FacturaAfectaGratuita#PruebaVeintiOcho</h3><table class="result"><tr><th class="invisible"/></tr></table><p class="totop"><a href="#summary">back to summary</a></p>
<h3 id="m9">test.Tests_FacturaAfectaGratuita#PruebaVeintiSeis</h3><table class="result"><tr><th class="invisible"/></tr></table><p class="totop"><a href="#summary">back to summary</a></p>
<h3 id="m10">test.Tests_FacturaAfectaGratuita#PruebaVeintiSiete</h3><table class="result"><tr><th class="invisible"/></tr></table><p class="totop"><a href="#summary">back to summary</a></p>
<h3 id="m11">test.Tests_FacturaExportacionGratuita#PruebaCinco</h3><table class="result"><tr><th class="invisible"/></tr></table><p class="totop"><a href="#summary">back to summary</a></p>
<h3 id="m12">test.Tests_FacturaExportacionGratuita#PruebaCuatro</h3><table class="result"><tr><th class="invisible"/></tr></table><p class="totop"><a href="#summary">back to summary</a></p>
<h3 id="m13">test.Tests_FacturaExportacionGratuita#PruebaDos</h3><table class="result"><tr><th class="invisible"/></tr></table><p class="totop"><a href="#summary">back to summary</a></p>
<h3 id="m14">test.Tests_FacturaExportacionGratuita#PruebaNueve</h3><table class="result"><tr><th class="invisible"/></tr></table><p class="totop"><a href="#summary">back to summary</a></p>
<h3 id="m15">test.Tests_FacturaExportacionGratuita#PruebaSeis</h3><table class="result"><tr><th class="invisible"/></tr></table><p class="totop"><a href="#summary">back to summary</a></p>
<h3 id="m16">test.Tests_FacturaExportacionGratuita#PruebaSiete</h3><table class="result"><tr><th class="invisible"/></tr></table><p class="totop"><a href="#summary">back to summary</a></p>
<h3 id="m17">test.Tests_FacturaExportacionGratuita#PruebaTres</h3><table class="result"><tr><th class="invisible"/></tr></table><p class="totop"><a href="#summary">back to summary</a></p>
<h3 id="m18">test.Tests_FacturaExportacionGratuita#PruebaUno</h3><table class="result"><tr><th class="invisible"/></tr></table><p class="totop"><a href="#summary">back to summary</a></p>
<h3 id="m19">test.Tests_FacturaInafectaGratuita#PruebaTreintayCinco</h3><table class="result"><tr><th class="invisible"/></tr></table><p class="totop"><a href="#summary">back to summary</a></p>
<h3 id="m20">test.Tests_FacturaInafectaGratuita#PruebaTreintayCuatro</h3><table class="result"><tr><th class="invisible"/></tr></table><p class="totop"><a href="#summary">back to summary</a></p>
<h3 id="m21">test.Tests_FacturaInafectaGratuita#PruebaTreintayNueve</h3><table class="result"><tr><th class="invisible"/></tr></table><p class="totop"><a href="#summary">back to summary</a></p>
<h3 id="m22">test.Tests_FacturaInafectaGratuita#PruebaTreintayOcho</h3><table class="result"><tr><th class="invisible"/></tr></table><p class="totop"><a href="#summary">back to summary</a></p>
<h3 id="m23">test.Tests_FacturaInafectaGratuita#PruebaTreintaySeis</h3><table class="result"><tr><th class="invisible"/></tr></table><p class="totop"><a href="#summary">back to summary</a></p>
<h3 id="m24">test.Tests_FacturaInafectaGratuita#PruebaTreintaySiete</h3><table class="result"><tr><th class="invisible"/></tr></table><p class="totop"><a href="#summary">back to summary</a></p>
</body>
</html>
