<?xml version="1.0" encoding="UTF-8"?>
<testng-results skipped="1" failed="1" ignored="0" total="23" passed="21">
  <reporter-output>
  </reporter-output>
  <suite name="Command line suite" duration-ms="1839510" started-at="2021-02-11T12:18:06Z" finished-at="2021-02-11T12:48:46Z">
    <groups>
    </groups>
    <test name="Command line test" duration-ms="1839510" started-at="2021-02-11T12:18:06Z" finished-at="2021-02-11T12:48:46Z">
      <class name="test.Tests_FacturaInafectaGratuita">
        <test-method status="PASS" signature="setUp()[pri:0, instance:test.Tests_FacturaInafectaGratuita@6fb554cc]" name="setUp" is-config="true" duration-ms="19479" started-at="2021-02-11T12:38:23Z" finished-at="2021-02-11T12:38:42Z">
          <reporter-output>
          </reporter-output>
        </test-method> <!-- setUp -->
        <test-method status="PASS" signature="PruebaTreintayCinco()[pri:0, instance:test.Tests_FacturaInafectaGratuita@6fb554cc]" name="PruebaTreintayCinco" duration-ms="41438" started-at="2021-02-11T12:38:42Z" finished-at="2021-02-11T12:39:24Z">
          <reporter-output>
          </reporter-output>
        </test-method> <!-- PruebaTreintayCinco -->
        <test-method status="PASS" signature="FinEjecucion()[pri:0, instance:test.Tests_FacturaInafectaGratuita@6fb554cc]" name="FinEjecucion" is-config="true" duration-ms="141" started-at="2021-02-11T12:39:24Z" finished-at="2021-02-11T12:39:24Z">
          <reporter-output>
          </reporter-output>
        </test-method> <!-- FinEjecucion -->
        <test-method status="PASS" signature="setUp()[pri:0, instance:test.Tests_FacturaInafectaGratuita@6fb554cc]" name="setUp" is-config="true" duration-ms="15541" started-at="2021-02-11T12:39:24Z" finished-at="2021-02-11T12:39:39Z">
          <reporter-output>
          </reporter-output>
        </test-method> <!-- setUp -->
        <test-method status="PASS" signature="PruebaTreintayCuatro()[pri:0, instance:test.Tests_FacturaInafectaGratuita@6fb554cc]" name="PruebaTreintayCuatro" duration-ms="39605" started-at="2021-02-11T12:39:39Z" finished-at="2021-02-11T12:40:19Z">
          <reporter-output>
          </reporter-output>
        </test-method> <!-- PruebaTreintayCuatro -->
        <test-method status="PASS" signature="FinEjecucion()[pri:0, instance:test.Tests_FacturaInafectaGratuita@6fb554cc]" name="FinEjecucion" is-config="true" duration-ms="125" started-at="2021-02-11T12:40:19Z" finished-at="2021-02-11T12:40:19Z">
          <reporter-output>
          </reporter-output>
        </test-method> <!-- FinEjecucion -->
        <test-method status="PASS" signature="setUp()[pri:0, instance:test.Tests_FacturaInafectaGratuita@6fb554cc]" name="setUp" is-config="true" duration-ms="16979" started-at="2021-02-11T12:40:19Z" finished-at="2021-02-11T12:40:36Z">
          <reporter-output>
          </reporter-output>
        </test-method> <!-- setUp -->
        <test-method status="PASS" signature="PruebaTreintayNueve()[pri:0, instance:test.Tests_FacturaInafectaGratuita@6fb554cc]" name="PruebaTreintayNueve" duration-ms="39257" started-at="2021-02-11T12:40:36Z" finished-at="2021-02-11T12:41:15Z">
          <reporter-output>
          </reporter-output>
        </test-method> <!-- PruebaTreintayNueve -->
        <test-method status="PASS" signature="FinEjecucion()[pri:0, instance:test.Tests_FacturaInafectaGratuita@6fb554cc]" name="FinEjecucion" is-config="true" duration-ms="172" started-at="2021-02-11T12:41:15Z" finished-at="2021-02-11T12:41:15Z">
          <reporter-output>
          </reporter-output>
        </test-method> <!-- FinEjecucion -->
        <test-method status="PASS" signature="setUp()[pri:0, instance:test.Tests_FacturaInafectaGratuita@6fb554cc]" name="setUp" is-config="true" duration-ms="28570" started-at="2021-02-11T12:41:15Z" finished-at="2021-02-11T12:41:44Z">
          <reporter-output>
          </reporter-output>
        </test-method> <!-- setUp -->
        <test-method status="PASS" signature="PruebaTreintayOcho()[pri:0, instance:test.Tests_FacturaInafectaGratuita@6fb554cc]" name="PruebaTreintayOcho" duration-ms="39840" started-at="2021-02-11T12:41:44Z" finished-at="2021-02-11T12:42:24Z">
          <reporter-output>
          </reporter-output>
        </test-method> <!-- PruebaTreintayOcho -->
        <test-method status="PASS" signature="FinEjecucion()[pri:0, instance:test.Tests_FacturaInafectaGratuita@6fb554cc]" name="FinEjecucion" is-config="true" duration-ms="222" started-at="2021-02-11T12:42:24Z" finished-at="2021-02-11T12:42:24Z">
          <reporter-output>
          </reporter-output>
        </test-method> <!-- FinEjecucion -->
        <test-method status="PASS" signature="setUp()[pri:0, instance:test.Tests_FacturaInafectaGratuita@6fb554cc]" name="setUp" is-config="true" duration-ms="112611" started-at="2021-02-11T12:42:24Z" finished-at="2021-02-11T12:44:17Z">
          <reporter-output>
          </reporter-output>
        </test-method> <!-- setUp -->
        <test-method status="PASS" signature="PruebaTreintaySeis()[pri:0, instance:test.Tests_FacturaInafectaGratuita@6fb554cc]" name="PruebaTreintaySeis" duration-ms="39527" started-at="2021-02-11T12:44:17Z" finished-at="2021-02-11T12:44:56Z">
          <reporter-output>
          </reporter-output>
        </test-method> <!-- PruebaTreintaySeis -->
        <test-method status="PASS" signature="FinEjecucion()[pri:0, instance:test.Tests_FacturaInafectaGratuita@6fb554cc]" name="FinEjecucion" is-config="true" duration-ms="208" started-at="2021-02-11T12:44:56Z" finished-at="2021-02-11T12:44:56Z">
          <reporter-output>
          </reporter-output>
        </test-method> <!-- FinEjecucion -->
        <test-method status="PASS" signature="setUp()[pri:0, instance:test.Tests_FacturaInafectaGratuita@6fb554cc]" name="setUp" is-config="true" duration-ms="21446" started-at="2021-02-11T12:44:56Z" finished-at="2021-02-11T12:45:18Z">
          <reporter-output>
          </reporter-output>
        </test-method> <!-- setUp -->
        <test-method status="PASS" signature="PruebaTreintaySiete()[pri:0, instance:test.Tests_FacturaInafectaGratuita@6fb554cc]" name="PruebaTreintaySiete" duration-ms="40952" started-at="2021-02-11T12:45:18Z" finished-at="2021-02-11T12:45:59Z">
          <reporter-output>
          </reporter-output>
        </test-method> <!-- PruebaTreintaySiete -->
        <test-method status="PASS" signature="FinEjecucion()[pri:0, instance:test.Tests_FacturaInafectaGratuita@6fb554cc]" name="FinEjecucion" is-config="true" duration-ms="13376" started-at="2021-02-11T12:45:59Z" finished-at="2021-02-11T12:46:12Z">
          <reporter-output>
          </reporter-output>
        </test-method> <!-- FinEjecucion -->
        <test-method status="FAIL" signature="setUp()[pri:0, instance:test.Tests_FacturaInafectaGratuita@6fb554cc]" name="setUp" is-config="true" duration-ms="153513" started-at="2021-02-11T12:46:12Z" finished-at="2021-02-11T12:48:46Z">
          <exception class="org.openqa.selenium.WebDriverException">
            <message>
              <![CDATA[disconnected: Unable to receive message from renderer
  (Session info: chrome=88.0.4324.150)
Build info: version: '3.11.0', revision: 'e59cfb3', time: '2018-03-11T20:26:55.152Z'
System info: host: 'VERITY-98', ip: '192.168.0.13', os.name: 'Windows 10', os.arch: 'amd64', os.version: '10.0', java.version: '1.8.0_281'
Driver info: org.openqa.selenium.chrome.ChromeDriver
Capabilities {acceptInsecureCerts: false, browserName: chrome, browserVersion: 88.0.4324.150, chrome: {chromedriverVersion: 88.0.4324.96 (68dba2d8a0b14..., userDataDir: C:\Users\estef\AppData\Loca...}, goog:chromeOptions: {debuggerAddress: localhost:53898}, javascriptEnabled: true, networkConnectionEnabled: false, pageLoadStrategy: normal, platform: WINDOWS, platformName: WINDOWS, proxy: Proxy(), setWindowRect: true, strictFileInteractability: false, timeouts: {implicit: 0, pageLoad: 300000, script: 30000}, unhandledPromptBehavior: dismiss and notify, webauthn:extension:largeBlob: true, webauthn:virtualAuthenticators: true}
Session ID: f659d22237ac21e25404fdc9faddddc6]]>
            </message>
            <full-stacktrace>
              <![CDATA[org.openqa.selenium.WebDriverException: disconnected: Unable to receive message from renderer
  (Session info: chrome=88.0.4324.150)
Build info: version: '3.11.0', revision: 'e59cfb3', time: '2018-03-11T20:26:55.152Z'
System info: host: 'VERITY-98', ip: '192.168.0.13', os.name: 'Windows 10', os.arch: 'amd64', os.version: '10.0', java.version: '1.8.0_281'
Driver info: org.openqa.selenium.chrome.ChromeDriver
Capabilities {acceptInsecureCerts: false, browserName: chrome, browserVersion: 88.0.4324.150, chrome: {chromedriverVersion: 88.0.4324.96 (68dba2d8a0b14..., userDataDir: C:\Users\estef\AppData\Loca...}, goog:chromeOptions: {debuggerAddress: localhost:53898}, javascriptEnabled: true, networkConnectionEnabled: false, pageLoadStrategy: normal, platform: WINDOWS, platformName: WINDOWS, proxy: Proxy(), setWindowRect: true, strictFileInteractability: false, timeouts: {implicit: 0, pageLoad: 300000, script: 30000}, unhandledPromptBehavior: dismiss and notify, webauthn:extension:largeBlob: true, webauthn:virtualAuthenticators: true}
Session ID: f659d22237ac21e25404fdc9faddddc6
at sun.reflect.NativeConstructorAccessorImpl.newInstance0(Native Method)
at sun.reflect.NativeConstructorAccessorImpl.newInstance(NativeConstructorAccessorImpl.java:62)
at sun.reflect.DelegatingConstructorAccessorImpl.newInstance(DelegatingConstructorAccessorImpl.java:45)
at java.lang.reflect.Constructor.newInstance(Constructor.java:423)
at org.openqa.selenium.remote.http.W3CHttpResponseCodec.createException(W3CHttpResponseCodec.java:187)
at org.openqa.selenium.remote.http.W3CHttpResponseCodec.decode(W3CHttpResponseCodec.java:122)
at org.openqa.selenium.remote.http.W3CHttpResponseCodec.decode(W3CHttpResponseCodec.java:49)
at org.openqa.selenium.remote.HttpCommandExecutor.execute(HttpCommandExecutor.java:158)
at org.openqa.selenium.remote.service.DriverCommandExecutor.execute(DriverCommandExecutor.java:83)
at org.openqa.selenium.remote.RemoteWebDriver.execute(RemoteWebDriver.java:545)
at org.openqa.selenium.remote.RemoteWebElement.execute(RemoteWebElement.java:279)
at org.openqa.selenium.remote.RemoteWebElement.click(RemoteWebElement.java:83)
at pages.PageLogin.login(PageLogin.java:18)
at test.Tests_FacturaInafectaGratuita.setUp(Tests_FacturaInafectaGratuita.java:30)
at sun.reflect.NativeMethodAccessorImpl.invoke0(Native Method)
at sun.reflect.NativeMethodAccessorImpl.invoke(NativeMethodAccessorImpl.java:62)
at sun.reflect.DelegatingMethodAccessorImpl.invoke(DelegatingMethodAccessorImpl.java:43)
at java.lang.reflect.Method.invoke(Method.java:498)
at org.testng.internal.MethodInvocationHelper.invokeMethod(MethodInvocationHelper.java:124)
at org.testng.internal.MethodInvocationHelper.invokeMethodConsideringTimeout(MethodInvocationHelper.java:59)
at org.testng.internal.Invoker.invokeConfigurationMethod(Invoker.java:455)
at org.testng.internal.Invoker.invokeConfigurations(Invoker.java:222)
at org.testng.internal.Invoker.invokeMethod(Invoker.java:520)
at org.testng.internal.Invoker.invokeTestMethod(Invoker.java:716)
at org.testng.internal.Invoker.invokeTestMethods(Invoker.java:988)
at org.testng.internal.TestMethodWorker.invokeTestMethods(TestMethodWorker.java:125)
at org.testng.internal.TestMethodWorker.run(TestMethodWorker.java:109)
at org.testng.TestRunner.privateRun(TestRunner.java:648)
at org.testng.TestRunner.run(TestRunner.java:505)
at org.testng.SuiteRunner.runTest(SuiteRunner.java:455)
at org.testng.SuiteRunner.runSequentially(SuiteRunner.java:450)
at org.testng.SuiteRunner.privateRun(SuiteRunner.java:415)
at org.testng.SuiteRunner.run(SuiteRunner.java:364)
at org.testng.SuiteRunnerWorker.runSuite(SuiteRunnerWorker.java:52)
at org.testng.SuiteRunnerWorker.run(SuiteRunnerWorker.java:84)
at org.testng.TestNG.runSuitesSequentially(TestNG.java:1208)
at org.testng.TestNG.runSuitesLocally(TestNG.java:1137)
at org.testng.TestNG.runSuites(TestNG.java:1049)
at org.testng.TestNG.run(TestNG.java:1017)
at org.apache.maven.surefire.testng.TestNGExecutor.run(TestNGExecutor.java:77)
at org.apache.maven.surefire.testng.TestNGDirectoryTestSuite.executeMulti(TestNGDirectoryTestSuite.java:159)
at org.apache.maven.surefire.testng.TestNGDirectoryTestSuite.execute(TestNGDirectoryTestSuite.java:99)
at org.apache.maven.surefire.testng.TestNGProvider.invoke(TestNGProvider.java:106)
at sun.reflect.NativeMethodAccessorImpl.invoke0(Native Method)
at sun.reflect.NativeMethodAccessorImpl.invoke(NativeMethodAccessorImpl.java:62)
at sun.reflect.DelegatingMethodAccessorImpl.invoke(DelegatingMethodAccessorImpl.java:43)
at java.lang.reflect.Method.invoke(Method.java:498)
at org.apache.maven.surefire.util.ReflectionUtils.invokeMethodWithArray(ReflectionUtils.java:189)
at org.apache.maven.surefire.booter.ProviderFactory$ProviderProxy.invoke(ProviderFactory.java:165)
at org.apache.maven.surefire.booter.ProviderFactory.invokeProvider(ProviderFactory.java:85)
at org.apache.maven.surefire.booter.ForkedBooter.runSuitesInProcess(ForkedBooter.java:115)
at org.apache.maven.surefire.booter.ForkedBooter.main(ForkedBooter.java:75)
]]>
            </full-stacktrace>
          </exception> <!-- org.openqa.selenium.WebDriverException -->
          <reporter-output>
          </reporter-output>
        </test-method> <!-- setUp -->
        <test-method status="SKIP" signature="FinEjecucion()[pri:0, instance:test.Tests_FacturaInafectaGratuita@6fb554cc]" name="FinEjecucion" is-config="true" duration-ms="0" started-at="2021-02-11T12:48:46Z" finished-at="2021-02-11T12:48:46Z">
          <reporter-output>
          </reporter-output>
        </test-method> <!-- FinEjecucion -->
        <test-method status="SKIP" signature="PruebaTreintayTres()[pri:0, instance:test.Tests_FacturaInafectaGratuita@6fb554cc]" name="PruebaTreintayTres" duration-ms="0" started-at="2021-02-11T12:48:46Z" finished-at="2021-02-11T12:48:46Z">
          <exception class="org.openqa.selenium.WebDriverException">
            <message>
              <![CDATA[disconnected: Unable to receive message from renderer
  (Session info: chrome=88.0.4324.150)
Build info: version: '3.11.0', revision: 'e59cfb3', time: '2018-03-11T20:26:55.152Z'
System info: host: 'VERITY-98', ip: '192.168.0.13', os.name: 'Windows 10', os.arch: 'amd64', os.version: '10.0', java.version: '1.8.0_281'
Driver info: org.openqa.selenium.chrome.ChromeDriver
Capabilities {acceptInsecureCerts: false, browserName: chrome, browserVersion: 88.0.4324.150, chrome: {chromedriverVersion: 88.0.4324.96 (68dba2d8a0b14..., userDataDir: C:\Users\estef\AppData\Loca...}, goog:chromeOptions: {debuggerAddress: localhost:53898}, javascriptEnabled: true, networkConnectionEnabled: false, pageLoadStrategy: normal, platform: WINDOWS, platformName: WINDOWS, proxy: Proxy(), setWindowRect: true, strictFileInteractability: false, timeouts: {implicit: 0, pageLoad: 300000, script: 30000}, unhandledPromptBehavior: dismiss and notify, webauthn:extension:largeBlob: true, webauthn:virtualAuthenticators: true}
Session ID: f659d22237ac21e25404fdc9faddddc6]]>
            </message>
            <full-stacktrace>
              <![CDATA[org.openqa.selenium.WebDriverException: disconnected: Unable to receive message from renderer
  (Session info: chrome=88.0.4324.150)
Build info: version: '3.11.0', revision: 'e59cfb3', time: '2018-03-11T20:26:55.152Z'
System info: host: 'VERITY-98', ip: '192.168.0.13', os.name: 'Windows 10', os.arch: 'amd64', os.version: '10.0', java.version: '1.8.0_281'
Driver info: org.openqa.selenium.chrome.ChromeDriver
Capabilities {acceptInsecureCerts: false, browserName: chrome, browserVersion: 88.0.4324.150, chrome: {chromedriverVersion: 88.0.4324.96 (68dba2d8a0b14..., userDataDir: C:\Users\estef\AppData\Loca...}, goog:chromeOptions: {debuggerAddress: localhost:53898}, javascriptEnabled: true, networkConnectionEnabled: false, pageLoadStrategy: normal, platform: WINDOWS, platformName: WINDOWS, proxy: Proxy(), setWindowRect: true, strictFileInteractability: false, timeouts: {implicit: 0, pageLoad: 300000, script: 30000}, unhandledPromptBehavior: dismiss and notify, webauthn:extension:largeBlob: true, webauthn:virtualAuthenticators: true}
Session ID: f659d22237ac21e25404fdc9faddddc6
at sun.reflect.NativeConstructorAccessorImpl.newInstance0(Native Method)
at sun.reflect.NativeConstructorAccessorImpl.newInstance(NativeConstructorAccessorImpl.java:62)
at sun.reflect.DelegatingConstructorAccessorImpl.newInstance(DelegatingConstructorAccessorImpl.java:45)
at java.lang.reflect.Constructor.newInstance(Constructor.java:423)
at org.openqa.selenium.remote.http.W3CHttpResponseCodec.createException(W3CHttpResponseCodec.java:187)
at org.openqa.selenium.remote.http.W3CHttpResponseCodec.decode(W3CHttpResponseCodec.java:122)
at org.openqa.selenium.remote.http.W3CHttpResponseCodec.decode(W3CHttpResponseCodec.java:49)
at org.openqa.selenium.remote.HttpCommandExecutor.execute(HttpCommandExecutor.java:158)
at org.openqa.selenium.remote.service.DriverCommandExecutor.execute(DriverCommandExecutor.java:83)
at org.openqa.selenium.remote.RemoteWebDriver.execute(RemoteWebDriver.java:545)
at org.openqa.selenium.remote.RemoteWebElement.execute(RemoteWebElement.java:279)
at org.openqa.selenium.remote.RemoteWebElement.click(RemoteWebElement.java:83)
at pages.PageLogin.login(PageLogin.java:18)
at test.Tests_FacturaInafectaGratuita.setUp(Tests_FacturaInafectaGratuita.java:30)
at sun.reflect.NativeMethodAccessorImpl.invoke0(Native Method)
at sun.reflect.NativeMethodAccessorImpl.invoke(NativeMethodAccessorImpl.java:62)
at sun.reflect.DelegatingMethodAccessorImpl.invoke(DelegatingMethodAccessorImpl.java:43)
at java.lang.reflect.Method.invoke(Method.java:498)
at org.testng.internal.MethodInvocationHelper.invokeMethod(MethodInvocationHelper.java:124)
at org.testng.internal.MethodInvocationHelper.invokeMethodConsideringTimeout(MethodInvocationHelper.java:59)
at org.testng.internal.Invoker.invokeConfigurationMethod(Invoker.java:455)
at org.testng.internal.Invoker.invokeConfigurations(Invoker.java:222)
at org.testng.internal.Invoker.invokeMethod(Invoker.java:520)
at org.testng.internal.Invoker.invokeTestMethod(Invoker.java:716)
at org.testng.internal.Invoker.invokeTestMethods(Invoker.java:988)
at org.testng.internal.TestMethodWorker.invokeTestMethods(TestMethodWorker.java:125)
at org.testng.internal.TestMethodWorker.run(TestMethodWorker.java:109)
at org.testng.TestRunner.privateRun(TestRunner.java:648)
at org.testng.TestRunner.run(TestRunner.java:505)
at org.testng.SuiteRunner.runTest(SuiteRunner.java:455)
at org.testng.SuiteRunner.runSequentially(SuiteRunner.java:450)
at org.testng.SuiteRunner.privateRun(SuiteRunner.java:415)
at org.testng.SuiteRunner.run(SuiteRunner.java:364)
at org.testng.SuiteRunnerWorker.runSuite(SuiteRunnerWorker.java:52)
at org.testng.SuiteRunnerWorker.run(SuiteRunnerWorker.java:84)
at org.testng.TestNG.runSuitesSequentially(TestNG.java:1208)
at org.testng.TestNG.runSuitesLocally(TestNG.java:1137)
at org.testng.TestNG.runSuites(TestNG.java:1049)
at org.testng.TestNG.run(TestNG.java:1017)
at org.apache.maven.surefire.testng.TestNGExecutor.run(TestNGExecutor.java:77)
at org.apache.maven.surefire.testng.TestNGDirectoryTestSuite.executeMulti(TestNGDirectoryTestSuite.java:159)
at org.apache.maven.surefire.testng.TestNGDirectoryTestSuite.execute(TestNGDirectoryTestSuite.java:99)
at org.apache.maven.surefire.testng.TestNGProvider.invoke(TestNGProvider.java:106)
at sun.reflect.NativeMethodAccessorImpl.invoke0(Native Method)
at sun.reflect.NativeMethodAccessorImpl.invoke(NativeMethodAccessorImpl.java:62)
at sun.reflect.DelegatingMethodAccessorImpl.invoke(DelegatingMethodAccessorImpl.java:43)
at java.lang.reflect.Method.invoke(Method.java:498)
at org.apache.maven.surefire.util.ReflectionUtils.invokeMethodWithArray(ReflectionUtils.java:189)
at org.apache.maven.surefire.booter.ProviderFactory$ProviderProxy.invoke(ProviderFactory.java:165)
at org.apache.maven.surefire.booter.ProviderFactory.invokeProvider(ProviderFactory.java:85)
at org.apache.maven.surefire.booter.ForkedBooter.runSuitesInProcess(ForkedBooter.java:115)
at org.apache.maven.surefire.booter.ForkedBooter.main(ForkedBooter.java:75)
]]>
            </full-stacktrace>
          </exception> <!-- org.openqa.selenium.WebDriverException -->
          <reporter-output>
          </reporter-output>
        </test-method> <!-- PruebaTreintayTres -->
      </class> <!-- test.Tests_FacturaInafectaGratuita -->
      <class name="test.Tests_FacturaAfectaGratuita">
        <test-method status="PASS" signature="setUp()[pri:0, instance:test.Tests_FacturaAfectaGratuita@3f2a3a5]" name="setUp" is-config="true" duration-ms="18232" started-at="2021-02-11T12:18:06Z" finished-at="2021-02-11T12:18:24Z">
          <reporter-output>
          </reporter-output>
        </test-method> <!-- setUp -->
        <test-method status="PASS" signature="PruebaTreinta()[pri:0, instance:test.Tests_FacturaAfectaGratuita@3f2a3a5]" name="PruebaTreinta" duration-ms="40413" started-at="2021-02-11T12:18:24Z" finished-at="2021-02-11T12:19:05Z">
          <reporter-output>
          </reporter-output>
        </test-method> <!-- PruebaTreinta -->
        <test-method status="PASS" signature="FinEjecucion()[pri:0, instance:test.Tests_FacturaAfectaGratuita@3f2a3a5]" name="FinEjecucion" is-config="true" duration-ms="169" started-at="2021-02-11T12:19:05Z" finished-at="2021-02-11T12:19:05Z">
          <reporter-output>
          </reporter-output>
        </test-method> <!-- FinEjecucion -->
        <test-method status="PASS" signature="setUp()[pri:0, instance:test.Tests_FacturaAfectaGratuita@3f2a3a5]" name="setUp" is-config="true" duration-ms="13408" started-at="2021-02-11T12:19:05Z" finished-at="2021-02-11T12:19:18Z">
          <reporter-output>
          </reporter-output>
        </test-method> <!-- setUp -->
        <test-method status="PASS" signature="PruebaTreintayDos()[pri:0, instance:test.Tests_FacturaAfectaGratuita@3f2a3a5]" name="PruebaTreintayDos" duration-ms="39527" started-at="2021-02-11T12:19:18Z" finished-at="2021-02-11T12:19:58Z">
          <reporter-output>
          </reporter-output>
        </test-method> <!-- PruebaTreintayDos -->
        <test-method status="PASS" signature="FinEjecucion()[pri:0, instance:test.Tests_FacturaAfectaGratuita@3f2a3a5]" name="FinEjecucion" is-config="true" duration-ms="140" started-at="2021-02-11T12:19:58Z" finished-at="2021-02-11T12:19:58Z">
          <reporter-output>
          </reporter-output>
        </test-method> <!-- FinEjecucion -->
        <test-method status="PASS" signature="setUp()[pri:0, instance:test.Tests_FacturaAfectaGratuita@3f2a3a5]" name="setUp" is-config="true" duration-ms="68712" started-at="2021-02-11T12:19:58Z" finished-at="2021-02-11T12:21:07Z">
          <reporter-output>
          </reporter-output>
        </test-method> <!-- setUp -->
        <test-method status="PASS" signature="PruebaTreintayUno()[pri:0, instance:test.Tests_FacturaAfectaGratuita@3f2a3a5]" name="PruebaTreintayUno" duration-ms="46732" started-at="2021-02-11T12:21:07Z" finished-at="2021-02-11T12:21:54Z">
          <reporter-output>
          </reporter-output>
        </test-method> <!-- PruebaTreintayUno -->
        <test-method status="PASS" signature="FinEjecucion()[pri:0, instance:test.Tests_FacturaAfectaGratuita@3f2a3a5]" name="FinEjecucion" is-config="true" duration-ms="1739" started-at="2021-02-11T12:21:54Z" finished-at="2021-02-11T12:21:55Z">
          <reporter-output>
          </reporter-output>
        </test-method> <!-- FinEjecucion -->
        <test-method status="PASS" signature="setUp()[pri:0, instance:test.Tests_FacturaAfectaGratuita@3f2a3a5]" name="setUp" is-config="true" duration-ms="28512" started-at="2021-02-11T12:21:55Z" finished-at="2021-02-11T12:22:24Z">
          <reporter-output>
          </reporter-output>
        </test-method> <!-- setUp -->
        <test-method status="PASS" signature="PruebaVeintiNueve()[pri:0, instance:test.Tests_FacturaAfectaGratuita@3f2a3a5]" name="PruebaVeintiNueve" duration-ms="43535" started-at="2021-02-11T12:22:24Z" finished-at="2021-02-11T12:23:07Z">
          <reporter-output>
          </reporter-output>
        </test-method> <!-- PruebaVeintiNueve -->
        <test-method status="PASS" signature="FinEjecucion()[pri:0, instance:test.Tests_FacturaAfectaGratuita@3f2a3a5]" name="FinEjecucion" is-config="true" duration-ms="4311" started-at="2021-02-11T12:23:07Z" finished-at="2021-02-11T12:23:12Z">
          <reporter-output>
          </reporter-output>
        </test-method> <!-- FinEjecucion -->
        <test-method status="PASS" signature="setUp()[pri:0, instance:test.Tests_FacturaAfectaGratuita@3f2a3a5]" name="setUp" is-config="true" duration-ms="40131" started-at="2021-02-11T12:23:12Z" finished-at="2021-02-11T12:23:52Z">
          <reporter-output>
          </reporter-output>
        </test-method> <!-- setUp -->
        <test-method status="PASS" signature="PruebaVeintiOcho()[pri:0, instance:test.Tests_FacturaAfectaGratuita@3f2a3a5]" name="PruebaVeintiOcho" duration-ms="42617" started-at="2021-02-11T12:23:52Z" finished-at="2021-02-11T12:24:34Z">
          <reporter-output>
          </reporter-output>
        </test-method> <!-- PruebaVeintiOcho -->
        <test-method status="PASS" signature="FinEjecucion()[pri:0, instance:test.Tests_FacturaAfectaGratuita@3f2a3a5]" name="FinEjecucion" is-config="true" duration-ms="167" started-at="2021-02-11T12:24:34Z" finished-at="2021-02-11T12:24:35Z">
          <reporter-output>
          </reporter-output>
        </test-method> <!-- FinEjecucion -->
        <test-method status="PASS" signature="setUp()[pri:0, instance:test.Tests_FacturaAfectaGratuita@3f2a3a5]" name="setUp" is-config="true" duration-ms="19844" started-at="2021-02-11T12:24:35Z" finished-at="2021-02-11T12:24:54Z">
          <reporter-output>
          </reporter-output>
        </test-method> <!-- setUp -->
        <test-method status="PASS" signature="PruebaVeintiSeis()[pri:0, instance:test.Tests_FacturaAfectaGratuita@3f2a3a5]" name="PruebaVeintiSeis" duration-ms="40191" started-at="2021-02-11T12:24:54Z" finished-at="2021-02-11T12:25:35Z">
          <reporter-output>
          </reporter-output>
        </test-method> <!-- PruebaVeintiSeis -->
        <test-method status="PASS" signature="FinEjecucion()[pri:0, instance:test.Tests_FacturaAfectaGratuita@3f2a3a5]" name="FinEjecucion" is-config="true" duration-ms="261" started-at="2021-02-11T12:25:35Z" finished-at="2021-02-11T12:25:35Z">
          <reporter-output>
          </reporter-output>
        </test-method> <!-- FinEjecucion -->
        <test-method status="PASS" signature="setUp()[pri:0, instance:test.Tests_FacturaAfectaGratuita@3f2a3a5]" name="setUp" is-config="true" duration-ms="13260" started-at="2021-02-11T12:25:35Z" finished-at="2021-02-11T12:25:48Z">
          <reporter-output>
          </reporter-output>
        </test-method> <!-- setUp -->
        <test-method status="PASS" signature="PruebaVeintiSiete()[pri:0, instance:test.Tests_FacturaAfectaGratuita@3f2a3a5]" name="PruebaVeintiSiete" duration-ms="39611" started-at="2021-02-11T12:25:48Z" finished-at="2021-02-11T12:26:28Z">
          <reporter-output>
          </reporter-output>
        </test-method> <!-- PruebaVeintiSiete -->
        <test-method status="PASS" signature="FinEjecucion()[pri:0, instance:test.Tests_FacturaAfectaGratuita@3f2a3a5]" name="FinEjecucion" is-config="true" duration-ms="265" started-at="2021-02-11T12:26:28Z" finished-at="2021-02-11T12:26:28Z">
          <reporter-output>
          </reporter-output>
        </test-method> <!-- FinEjecucion -->
      </class> <!-- test.Tests_FacturaAfectaGratuita -->
      <class name="test.Tests_FacturaExportacionGratuita">
        <test-method status="PASS" signature="setUp()[pri:0, instance:test.Tests_FacturaExportacionGratuita@4cb2c100]" name="setUp" is-config="true" duration-ms="24812" started-at="2021-02-11T12:26:28Z" finished-at="2021-02-11T12:26:53Z">
          <reporter-output>
          </reporter-output>
        </test-method> <!-- setUp -->
        <test-method status="PASS" signature="PruebaCinco()[pri:0, instance:test.Tests_FacturaExportacionGratuita@4cb2c100]" name="PruebaCinco" duration-ms="32080" started-at="2021-02-11T12:26:53Z" finished-at="2021-02-11T12:27:25Z">
          <reporter-output>
          </reporter-output>
        </test-method> <!-- PruebaCinco -->
        <test-method status="PASS" signature="FinEjecucion()[pri:0, instance:test.Tests_FacturaExportacionGratuita@4cb2c100]" name="FinEjecucion" is-config="true" duration-ms="155" started-at="2021-02-11T12:27:25Z" finished-at="2021-02-11T12:27:25Z">
          <reporter-output>
          </reporter-output>
        </test-method> <!-- FinEjecucion -->
        <test-method status="PASS" signature="setUp()[pri:0, instance:test.Tests_FacturaExportacionGratuita@4cb2c100]" name="setUp" is-config="true" duration-ms="19543" started-at="2021-02-11T12:27:25Z" finished-at="2021-02-11T12:27:45Z">
          <reporter-output>
          </reporter-output>
        </test-method> <!-- setUp -->
        <test-method status="PASS" signature="PruebaCuatro()[pri:0, instance:test.Tests_FacturaExportacionGratuita@4cb2c100]" name="PruebaCuatro" duration-ms="32278" started-at="2021-02-11T12:27:45Z" finished-at="2021-02-11T12:28:17Z">
          <reporter-output>
          </reporter-output>
        </test-method> <!-- PruebaCuatro -->
        <test-method status="PASS" signature="FinEjecucion()[pri:0, instance:test.Tests_FacturaExportacionGratuita@4cb2c100]" name="FinEjecucion" is-config="true" duration-ms="126" started-at="2021-02-11T12:28:17Z" finished-at="2021-02-11T12:28:17Z">
          <reporter-output>
          </reporter-output>
        </test-method> <!-- FinEjecucion -->
        <test-method status="PASS" signature="setUp()[pri:0, instance:test.Tests_FacturaExportacionGratuita@4cb2c100]" name="setUp" is-config="true" duration-ms="12785" started-at="2021-02-11T12:28:17Z" finished-at="2021-02-11T12:28:30Z">
          <reporter-output>
          </reporter-output>
        </test-method> <!-- setUp -->
        <test-method status="PASS" signature="PruebaDos()[pri:0, instance:test.Tests_FacturaExportacionGratuita@4cb2c100]" name="PruebaDos" duration-ms="32386" started-at="2021-02-11T12:28:30Z" finished-at="2021-02-11T12:29:02Z">
          <reporter-output>
          </reporter-output>
        </test-method> <!-- PruebaDos -->
        <test-method status="PASS" signature="FinEjecucion()[pri:0, instance:test.Tests_FacturaExportacionGratuita@4cb2c100]" name="FinEjecucion" is-config="true" duration-ms="138" started-at="2021-02-11T12:29:02Z" finished-at="2021-02-11T12:29:02Z">
          <reporter-output>
          </reporter-output>
        </test-method> <!-- FinEjecucion -->
        <test-method status="PASS" signature="setUp()[pri:0, instance:test.Tests_FacturaExportacionGratuita@4cb2c100]" name="setUp" is-config="true" duration-ms="13979" started-at="2021-02-11T12:29:02Z" finished-at="2021-02-11T12:29:16Z">
          <reporter-output>
          </reporter-output>
        </test-method> <!-- setUp -->
        <test-method status="PASS" signature="PruebaNueve()[pri:0, instance:test.Tests_FacturaExportacionGratuita@4cb2c100]" name="PruebaNueve" duration-ms="32336" started-at="2021-02-11T12:29:16Z" finished-at="2021-02-11T12:29:49Z">
          <reporter-output>
          </reporter-output>
        </test-method> <!-- PruebaNueve -->
        <test-method status="PASS" signature="FinEjecucion()[pri:0, instance:test.Tests_FacturaExportacionGratuita@4cb2c100]" name="FinEjecucion" is-config="true" duration-ms="269" started-at="2021-02-11T12:29:49Z" finished-at="2021-02-11T12:29:49Z">
          <reporter-output>
          </reporter-output>
        </test-method> <!-- FinEjecucion -->
        <test-method status="PASS" signature="setUp()[pri:0, instance:test.Tests_FacturaExportacionGratuita@4cb2c100]" name="setUp" is-config="true" duration-ms="15794" started-at="2021-02-11T12:29:49Z" finished-at="2021-02-11T12:30:05Z">
          <reporter-output>
          </reporter-output>
        </test-method> <!-- setUp -->
        <test-method status="FAIL" signature="PruebaOcho()[pri:0, instance:test.Tests_FacturaExportacionGratuita@4cb2c100]" name="PruebaOcho" duration-ms="10040" started-at="2021-02-11T12:30:05Z" finished-at="2021-02-11T12:30:15Z">
          <exception class="org.openqa.selenium.NoSuchElementException">
            <message>
              <![CDATA[no such element: Unable to locate element: {"method":"xpath","selector":"//*[@id="panel-lis-ul"]/li[7]/a/span[1]"}
  (Session info: chrome=88.0.4324.150)
For documentation on this error, please visit: http://seleniumhq.org/exceptions/no_such_element.html
Build info: version: '3.11.0', revision: 'e59cfb3', time: '2018-03-11T20:26:55.152Z'
System info: host: 'VERITY-98', ip: '192.168.0.13', os.name: 'Windows 10', os.arch: 'amd64', os.version: '10.0', java.version: '1.8.0_281'
Driver info: org.openqa.selenium.chrome.ChromeDriver
Capabilities {acceptInsecureCerts: false, browserName: chrome, browserVersion: 88.0.4324.150, chrome: {chromedriverVersion: 88.0.4324.96 (68dba2d8a0b14..., userDataDir: C:\Users\estef\AppData\Loca...}, goog:chromeOptions: {debuggerAddress: localhost:53622}, javascriptEnabled: true, networkConnectionEnabled: false, pageLoadStrategy: normal, platform: WINDOWS, platformName: WINDOWS, proxy: Proxy(), setWindowRect: true, strictFileInteractability: false, timeouts: {implicit: 0, pageLoad: 300000, script: 30000}, unhandledPromptBehavior: dismiss and notify, webauthn:extension:largeBlob: true, webauthn:virtualAuthenticators: true}
Session ID: 0142706ad52aaea3ca5a83a005507132
*** Element info: {Using=xpath, value=//*[@id="panel-lis-ul"]/li[7]/a/span[1]}]]>
            </message>
            <full-stacktrace>
              <![CDATA[org.openqa.selenium.NoSuchElementException: no such element: Unable to locate element: {"method":"xpath","selector":"//*[@id="panel-lis-ul"]/li[7]/a/span[1]"}
  (Session info: chrome=88.0.4324.150)
For documentation on this error, please visit: http://seleniumhq.org/exceptions/no_such_element.html
Build info: version: '3.11.0', revision: 'e59cfb3', time: '2018-03-11T20:26:55.152Z'
System info: host: 'VERITY-98', ip: '192.168.0.13', os.name: 'Windows 10', os.arch: 'amd64', os.version: '10.0', java.version: '1.8.0_281'
Driver info: org.openqa.selenium.chrome.ChromeDriver
Capabilities {acceptInsecureCerts: false, browserName: chrome, browserVersion: 88.0.4324.150, chrome: {chromedriverVersion: 88.0.4324.96 (68dba2d8a0b14..., userDataDir: C:\Users\estef\AppData\Loca...}, goog:chromeOptions: {debuggerAddress: localhost:53622}, javascriptEnabled: true, networkConnectionEnabled: false, pageLoadStrategy: normal, platform: WINDOWS, platformName: WINDOWS, proxy: Proxy(), setWindowRect: true, strictFileInteractability: false, timeouts: {implicit: 0, pageLoad: 300000, script: 30000}, unhandledPromptBehavior: dismiss and notify, webauthn:extension:largeBlob: true, webauthn:virtualAuthenticators: true}
Session ID: 0142706ad52aaea3ca5a83a005507132
*** Element info: {Using=xpath, value=//*[@id="panel-lis-ul"]/li[7]/a/span[1]}
at sun.reflect.NativeConstructorAccessorImpl.newInstance0(Native Method)
at sun.reflect.NativeConstructorAccessorImpl.newInstance(NativeConstructorAccessorImpl.java:62)
at sun.reflect.DelegatingConstructorAccessorImpl.newInstance(DelegatingConstructorAccessorImpl.java:45)
at java.lang.reflect.Constructor.newInstance(Constructor.java:423)
at org.openqa.selenium.remote.http.W3CHttpResponseCodec.createException(W3CHttpResponseCodec.java:187)
at org.openqa.selenium.remote.http.W3CHttpResponseCodec.decode(W3CHttpResponseCodec.java:122)
at org.openqa.selenium.remote.http.W3CHttpResponseCodec.decode(W3CHttpResponseCodec.java:49)
at org.openqa.selenium.remote.HttpCommandExecutor.execute(HttpCommandExecutor.java:158)
at org.openqa.selenium.remote.service.DriverCommandExecutor.execute(DriverCommandExecutor.java:83)
at org.openqa.selenium.remote.RemoteWebDriver.execute(RemoteWebDriver.java:545)
at org.openqa.selenium.remote.RemoteWebDriver.findElement(RemoteWebDriver.java:319)
at org.openqa.selenium.remote.RemoteWebDriver.findElementByXPath(RemoteWebDriver.java:421)
at org.openqa.selenium.By$ByXPath.findElement(By.java:361)
at org.openqa.selenium.remote.RemoteWebDriver.findElement(RemoteWebDriver.java:311)
at pages.PageSeleccionCpe.clickEmisionExpress(PageSeleccionCpe.java:16)
at test.Tests_FacturaExportacionGratuita.PruebaOcho(Tests_FacturaExportacionGratuita.java:231)
at sun.reflect.NativeMethodAccessorImpl.invoke0(Native Method)
at sun.reflect.NativeMethodAccessorImpl.invoke(NativeMethodAccessorImpl.java:62)
at sun.reflect.DelegatingMethodAccessorImpl.invoke(DelegatingMethodAccessorImpl.java:43)
at java.lang.reflect.Method.invoke(Method.java:498)
at org.testng.internal.MethodInvocationHelper.invokeMethod(MethodInvocationHelper.java:124)
at org.testng.internal.Invoker.invokeMethod(Invoker.java:580)
at org.testng.internal.Invoker.invokeTestMethod(Invoker.java:716)
at org.testng.internal.Invoker.invokeTestMethods(Invoker.java:988)
at org.testng.internal.TestMethodWorker.invokeTestMethods(TestMethodWorker.java:125)
at org.testng.internal.TestMethodWorker.run(TestMethodWorker.java:109)
at org.testng.TestRunner.privateRun(TestRunner.java:648)
at org.testng.TestRunner.run(TestRunner.java:505)
at org.testng.SuiteRunner.runTest(SuiteRunner.java:455)
at org.testng.SuiteRunner.runSequentially(SuiteRunner.java:450)
at org.testng.SuiteRunner.privateRun(SuiteRunner.java:415)
at org.testng.SuiteRunner.run(SuiteRunner.java:364)
at org.testng.SuiteRunnerWorker.runSuite(SuiteRunnerWorker.java:52)
at org.testng.SuiteRunnerWorker.run(SuiteRunnerWorker.java:84)
at org.testng.TestNG.runSuitesSequentially(TestNG.java:1208)
at org.testng.TestNG.runSuitesLocally(TestNG.java:1137)
at org.testng.TestNG.runSuites(TestNG.java:1049)
at org.testng.TestNG.run(TestNG.java:1017)
at org.apache.maven.surefire.testng.TestNGExecutor.run(TestNGExecutor.java:77)
at org.apache.maven.surefire.testng.TestNGDirectoryTestSuite.executeMulti(TestNGDirectoryTestSuite.java:159)
at org.apache.maven.surefire.testng.TestNGDirectoryTestSuite.execute(TestNGDirectoryTestSuite.java:99)
at org.apache.maven.surefire.testng.TestNGProvider.invoke(TestNGProvider.java:106)
at sun.reflect.NativeMethodAccessorImpl.invoke0(Native Method)
at sun.reflect.NativeMethodAccessorImpl.invoke(NativeMethodAccessorImpl.java:62)
at sun.reflect.DelegatingMethodAccessorImpl.invoke(DelegatingMethodAccessorImpl.java:43)
at java.lang.reflect.Method.invoke(Method.java:498)
at org.apache.maven.surefire.util.ReflectionUtils.invokeMethodWithArray(ReflectionUtils.java:189)
at org.apache.maven.surefire.booter.ProviderFactory$ProviderProxy.invoke(ProviderFactory.java:165)
at org.apache.maven.surefire.booter.ProviderFactory.invokeProvider(ProviderFactory.java:85)
at org.apache.maven.surefire.booter.ForkedBooter.runSuitesInProcess(ForkedBooter.java:115)
at org.apache.maven.surefire.booter.ForkedBooter.main(ForkedBooter.java:75)
]]>
            </full-stacktrace>
          </exception> <!-- org.openqa.selenium.NoSuchElementException -->
          <reporter-output>
          </reporter-output>
        </test-method> <!-- PruebaOcho -->
        <test-method status="PASS" signature="FinEjecucion()[pri:0, instance:test.Tests_FacturaExportacionGratuita@4cb2c100]" name="FinEjecucion" is-config="true" duration-ms="209" started-at="2021-02-11T12:30:15Z" finished-at="2021-02-11T12:30:15Z">
          <reporter-output>
          </reporter-output>
        </test-method> <!-- FinEjecucion -->
        <test-method status="PASS" signature="setUp()[pri:0, instance:test.Tests_FacturaExportacionGratuita@4cb2c100]" name="setUp" is-config="true" duration-ms="23193" started-at="2021-02-11T12:30:15Z" finished-at="2021-02-11T12:30:38Z">
          <reporter-output>
          </reporter-output>
        </test-method> <!-- setUp -->
        <test-method status="PASS" signature="PruebaSeis()[pri:0, instance:test.Tests_FacturaExportacionGratuita@4cb2c100]" name="PruebaSeis" duration-ms="126250" started-at="2021-02-11T12:30:38Z" finished-at="2021-02-11T12:32:44Z">
          <reporter-output>
          </reporter-output>
        </test-method> <!-- PruebaSeis -->
        <test-method status="PASS" signature="FinEjecucion()[pri:0, instance:test.Tests_FacturaExportacionGratuita@4cb2c100]" name="FinEjecucion" is-config="true" duration-ms="143" started-at="2021-02-11T12:32:44Z" finished-at="2021-02-11T12:32:44Z">
          <reporter-output>
          </reporter-output>
        </test-method> <!-- FinEjecucion -->
        <test-method status="PASS" signature="setUp()[pri:0, instance:test.Tests_FacturaExportacionGratuita@4cb2c100]" name="setUp" is-config="true" duration-ms="22554" started-at="2021-02-11T12:32:44Z" finished-at="2021-02-11T12:33:07Z">
          <reporter-output>
          </reporter-output>
        </test-method> <!-- setUp -->
        <test-method status="PASS" signature="PruebaSiete()[pri:0, instance:test.Tests_FacturaExportacionGratuita@4cb2c100]" name="PruebaSiete" duration-ms="34545" started-at="2021-02-11T12:33:07Z" finished-at="2021-02-11T12:33:42Z">
          <reporter-output>
          </reporter-output>
        </test-method> <!-- PruebaSiete -->
        <test-method status="PASS" signature="FinEjecucion()[pri:0, instance:test.Tests_FacturaExportacionGratuita@4cb2c100]" name="FinEjecucion" is-config="true" duration-ms="270" started-at="2021-02-11T12:33:42Z" finished-at="2021-02-11T12:33:42Z">
          <reporter-output>
          </reporter-output>
        </test-method> <!-- FinEjecucion -->
        <test-method status="PASS" signature="setUp()[pri:0, instance:test.Tests_FacturaExportacionGratuita@4cb2c100]" name="setUp" is-config="true" duration-ms="67766" started-at="2021-02-11T12:33:42Z" finished-at="2021-02-11T12:34:50Z">
          <reporter-output>
          </reporter-output>
        </test-method> <!-- setUp -->
        <test-method status="PASS" signature="PruebaTres()[pri:0, instance:test.Tests_FacturaExportacionGratuita@4cb2c100]" name="PruebaTres" duration-ms="129896" started-at="2021-02-11T12:34:50Z" finished-at="2021-02-11T12:37:00Z">
          <reporter-output>
          </reporter-output>
        </test-method> <!-- PruebaTres -->
        <test-method status="PASS" signature="FinEjecucion()[pri:0, instance:test.Tests_FacturaExportacionGratuita@4cb2c100]" name="FinEjecucion" is-config="true" duration-ms="130" started-at="2021-02-11T12:37:00Z" finished-at="2021-02-11T12:37:00Z">
          <reporter-output>
          </reporter-output>
        </test-method> <!-- FinEjecucion -->
        <test-method status="PASS" signature="setUp()[pri:0, instance:test.Tests_FacturaExportacionGratuita@4cb2c100]" name="setUp" is-config="true" duration-ms="50001" started-at="2021-02-11T12:37:00Z" finished-at="2021-02-11T12:37:50Z">
          <reporter-output>
          </reporter-output>
        </test-method> <!-- setUp -->
        <test-method status="PASS" signature="PruebaUno()[pri:0, instance:test.Tests_FacturaExportacionGratuita@4cb2c100]" name="PruebaUno" duration-ms="32854" started-at="2021-02-11T12:37:50Z" finished-at="2021-02-11T12:38:23Z">
          <reporter-output>
          </reporter-output>
        </test-method> <!-- PruebaUno -->
        <test-method status="PASS" signature="FinEjecucion()[pri:0, instance:test.Tests_FacturaExportacionGratuita@4cb2c100]" name="FinEjecucion" is-config="true" duration-ms="138" started-at="2021-02-11T12:38:23Z" finished-at="2021-02-11T12:38:23Z">
          <reporter-output>
          </reporter-output>
        </test-method> <!-- FinEjecucion -->
      </class> <!-- test.Tests_FacturaExportacionGratuita -->
    </test> <!-- Command line test -->
  </suite> <!-- Command line suite -->
</testng-results>
